<?xml version="1.0" encoding="UTF-8"?>
<testng-results ignored="0" total="1" passed="1" failed="0" skipped="0">
  <reporter-output>
  </reporter-output>
  <suite started-at="2023-10-12T12:29:07 MESZ" name="Quick" finished-at="2023-10-12T12:29:26 MESZ" duration-ms="18423">
    <groups>
    </groups>
    <test started-at="2023-10-12T12:29:07 MESZ" name="Quick" finished-at="2023-10-12T12:29:26 MESZ" duration-ms="18423">
      <class name="org.ait.demoqa.tests.bookStore.LoginPageTests">
        <test-method is-config="true" signature="init()[pri:0, instance:org.ait.demoqa.tests.bookStore.LoginPageTests@163370c2]" started-at="2023-10-12T12:29:07 MESZ" name="init" finished-at="2023-10-12T12:29:21 MESZ" duration-ms="13234" status="PASS">
          <reporter-output>
          </reporter-output>
        </test-method> <!-- init -->
        <test-method is-config="true" signature="startLogger(java.lang.reflect.Method)[pri:0, instance:org.ait.demoqa.tests.bookStore.LoginPageTests@163370c2]" started-at="2023-10-12T12:29:21 MESZ" name="startLogger" finished-at="2023-10-12T12:29:21 MESZ" duration-ms="13" status="PASS">
          <params>
            <param index="0">
              <value>
                <![CDATA[public void org.ait.demoqa.tests.bookStore.LoginPageTests.loginPositiveTest()]]>
              </value>
            </param>
          </params>
          <reporter-output>
          </reporter-output>
        </test-method> <!-- startLogger -->
        <test-method is-config="true" signature="precondition()[pri:0, instance:org.ait.demoqa.tests.bookStore.LoginPageTests@163370c2]" started-at="2023-10-12T12:29:21 MESZ" name="precondition" finished-at="2023-10-12T12:29:22 MESZ" duration-ms="1871" status="PASS">
          <reporter-output>
          </reporter-output>
        </test-method> <!-- precondition -->
        <test-method signature="loginPositiveTest()[pri:0, instance:org.ait.demoqa.tests.bookStore.LoginPageTests@163370c2]" started-at="2023-10-12T12:29:22 MESZ" name="loginPositiveTest" finished-at="2023-10-12T12:29:25 MESZ" duration-ms="2286" status="PASS">
          <reporter-output>
          </reporter-output>
        </test-method> <!-- loginPositiveTest -->
        <test-method is-config="true" signature="tearDown()[pri:0, instance:org.ait.demoqa.tests.bookStore.LoginPageTests@163370c2]" started-at="2023-10-12T12:29:25 MESZ" name="tearDown" finished-at="2023-10-12T12:29:26 MESZ" duration-ms="850" status="PASS">
          <reporter-output>
          </reporter-output>
        </test-method> <!-- tearDown -->
      </class> <!-- org.ait.demoqa.tests.bookStore.LoginPageTests -->
    </test> <!-- Quick -->
  </suite> <!-- Quick -->
</testng-results>
